2025-12-22T09:20:36.436006 - REGISTER attempt for username: david
2025-12-22T09:21:13.679574 - LOGIN attempt for username: david
2025-12-22T09:21:13.679574 - LOGIN failed for username: david
2025-12-22T09:21:21.083174 - LOGIN attempt for username: david
2025-12-22T09:21:21.083174 - LOGIN failed for username: david
2025-12-22T09:21:34.620391 - LOGIN attempt for username: david
2025-12-22T09:21:34.620391 - LOGIN failed for username: david
2025-12-22T09:27:04.786674 - LOGIN attempt for username: david
2025-12-22T09:27:04.788180 - LOGIN failed for username: david
2025-12-22T09:27:15.733205 - LOGIN attempt for username: alice
2025-12-22T09:27:15.734150 - LOGIN failed for username: alice
2025-12-22T09:27:18.806587 - LOGIN attempt for username: alice
2025-12-22T09:27:18.808093 - LOGIN failed for username: alice
2025-12-22T09:28:15.629302 - LOGIN attempt for username: alice
2025-12-22T09:28:15.630306 - LOGIN failed for username: alice
2025-12-22T09:28:15.849566 - LOGIN success for username: alice
2025-12-23T11:26:44.327955+00:00 - REGISTER success for username: alice
2025-12-23T12:00:36.947194+00:00 - REGISTER success for username: Brad
2025-12-23T12:01:52.732501+00:00 - LOGIN failed for username: Brad
2025-12-23T12:02:03.962068+00:00 - LOGIN success for username: Brad
2025-12-23T12:09:53.133156+00:00 - REGISTER success for username: Carl
2025-12-23T12:12:22.252539+00:00 - REGISTER success for username: UNIQUE
2025-12-23T12:27:22.974227+00:00 - REGISTER success for username: Nicko
2025-12-23T12:28:45.138720+00:00 - LOGIN success for username: Nicko
2025-12-23T14:44:53.528175+00:00 - REGISTER success for username: Kala
2025-12-23T14:45:47.866806+00:00 - LOGIN failed for username: Kala
2025-12-23T14:46:12.243668+00:00 - LOGIN failed for username: Kala
2025-12-23T15:06:08.538201+00:00 - REGISTER success for username: admin
2025-12-23T15:07:09.477333+00:00 - LOGIN success for username: admin
2025-12-24T08:42:28.049614+00:00 - LOGIN failed for username: Brad
2025-12-24T08:43:08.507826+00:00 - LOGIN failed for username: Brad
2025-12-24T08:43:14.851505+00:00 - LOGIN failed for username: Brad
2025-12-24T08:43:20.792424+00:00 - LOGIN failed for username: Brad
2025-12-24T08:43:27.188184+00:00 - LOGIN failed for username: Brad
2025-12-24T08:43:31.765633+00:00 - LOGIN blocked for username: Brad
2025-12-24T08:44:12.842427+00:00 - LOGIN blocked for username: Brad
2025-12-24T08:46:31.483637+00:00 - LOGIN blocked for username: Brad
2025-12-24T08:57:12.073623+00:00 - LOGIN failed for username: Brad
2025-12-24T08:57:21.165592+00:00 - LOGIN failed for username: Brad
2025-12-24T08:57:54.579533+00:00 - REGISTER success for username: alix
2025-12-24T08:58:11.417828+00:00 - LOGIN failed for username: alix
2025-12-24T08:58:17.800912+00:00 - LOGIN failed for username: alix
2025-12-24T08:58:22.235381+00:00 - LOGIN failed for username: alix
2025-12-24T08:58:25.966610+00:00 - LOGIN failed for username: alix
2025-12-24T08:58:29.635564+00:00 - LOGIN failed for username: alix
2025-12-24T08:58:32.825295+00:00 - LOGIN blocked for username: alix
2025-12-24T09:08:44.095233+00:00 - LOGIN success for username: alix
2025-12-24T09:09:16.223379+00:00 - LOGIN failed for username: alix
2025-12-24T09:09:21.235284+00:00 - LOGIN failed for username: alix
2025-12-24T09:09:21.497857+00:00 - LOGIN failed for username: alix
2025-12-24T09:09:24.885923+00:00 - LOGIN failed for username: alix
2025-12-24T09:09:27.703764+00:00 - LOGIN failed for username: alix
2025-12-24T09:09:30.948503+00:00 - LOGIN blocked for username: alix
2025-12-24T09:10:26.808114+00:00 - LOGIN success for username: alix
2025-12-24T09:43:30.343186+00:00 - LOGIN success for username: alix
2025-12-24T09:50:30.397377+00:00 - LOGIN success for username: alix
2025-12-24T09:51:05.604906+00:00 - LOGOUT for username: alix
